[0.079s] Invoking command in '/home/zeelb/autonomous-exploration/ros2_ws/build/examples_rclcpp_minimal_action_client': CMAKE_PREFIX_PATH=/opt/ros/dashing /usr/bin/cmake --build /home/zeelb/autonomous-exploration/ros2_ws/build/examples_rclcpp_minimal_action_client -- -j12 -l12
[1.054s] [ 25%] Built target action_client_member_functions
[1.055s] [ 37%] [32mBuilding CXX object CMakeFiles/action_client_not_composable_with_feedback.dir/not_composable_with_feedback.cpp.o[0m
[1.056s] [ 50%] [32mBuilding CXX object CMakeFiles/action_client_not_composable.dir/not_composable.cpp.o[0m
[1.056s] [ 62%] [32mBuilding CXX object CMakeFiles/action_client_not_composable_with_cancel.dir/not_composable_with_cancel.cpp.o[0m
[1.058s] [01m[K/home/zeelb/autonomous-exploration/ros2_ws/src/examples/rclcpp/actions/minimal_action_client/not_composable_with_feedback.cpp:[m[K In function â€˜[01m[Kint main(int, char**)[m[Kâ€™:
[1.059s] [01m[K/home/zeelb/autonomous-exploration/ros2_ws/src/examples/rclcpp/actions/minimal_action_client/not_composable_with_feedback.cpp:58:13:[m[K [01;31m[Kerror: [m[Kâ€˜[01m[Krclcpp::FutureReturnCode[m[Kâ€™ has not been declared
[1.060s]      rclcpp::[01;31m[KFutureReturnCode[m[K::SUCCESS)
[1.060s]              [01;31m[K^~~~~~~~~~~~~~~~[m[K
[1.060s] [01m[K/home/zeelb/autonomous-exploration/ros2_ws/src/examples/rclcpp/actions/minimal_action_client/not_composable_with_feedback.cpp:75:13:[m[K [01;31m[Kerror: [m[Kâ€˜[01m[Krclcpp::FutureReturnCode[m[Kâ€™ has not been declared
[1.061s]      rclcpp::[01;31m[KFutureReturnCode[m[K::SUCCESS)
[1.061s]              [01;31m[K^~~~~~~~~~~~~~~~[m[K
[1.062s] [01m[K/home/zeelb/autonomous-exploration/ros2_ws/src/examples/rclcpp/actions/minimal_action_client/not_composable.cpp:[m[K In function â€˜[01m[Kint main(int, char**)[m[Kâ€™:
[1.063s] [01m[K/home/zeelb/autonomous-exploration/ros2_ws/src/examples/rclcpp/actions/minimal_action_client/not_composable.cpp:44:13:[m[K [01;31m[Kerror: [m[Kâ€˜[01m[Krclcpp::FutureReturnCode[m[Kâ€™ has not been declared
[1.063s]      rclcpp::[01;31m[KFutureReturnCode[m[K::SUCCESS)
[1.064s]              [01;31m[K^~~~~~~~~~~~~~~~[m[K
[1.067s] [01m[K/home/zeelb/autonomous-exploration/ros2_ws/src/examples/rclcpp/actions/minimal_action_client/not_composable.cpp:61:13:[m[K [01;31m[Kerror: [m[Kâ€˜[01m[Krclcpp::FutureReturnCode[m[Kâ€™ has not been declared
[1.068s]      rclcpp::[01;31m[KFutureReturnCode[m[K::SUCCESS)
[1.069s]              [01;31m[K^~~~~~~~~~~~~~~~[m[K
[1.097s] [01m[K/home/zeelb/autonomous-exploration/ros2_ws/src/examples/rclcpp/actions/minimal_action_client/not_composable_with_cancel.cpp:[m[K In function â€˜[01m[Kint main(int, char**)[m[Kâ€™:
[1.097s] [01m[K/home/zeelb/autonomous-exploration/ros2_ws/src/examples/rclcpp/actions/minimal_action_client/not_composable_with_cancel.cpp:44:13:[m[K [01;31m[Kerror: [m[Kâ€˜[01m[Krclcpp::FutureReturnCode[m[Kâ€™ has not been declared
[1.098s]      rclcpp::[01;31m[KFutureReturnCode[m[K::SUCCESS)
[1.098s]              [01;31m[K^~~~~~~~~~~~~~~~[m[K
[1.107s] [01m[K/home/zeelb/autonomous-exploration/ros2_ws/src/examples/rclcpp/actions/minimal_action_client/not_composable_with_cancel.cpp:64:15:[m[K [01;31m[Kerror: [m[Kâ€˜[01m[Krclcpp::FutureReturnCode[m[Kâ€™ has not been declared
[1.108s]    if (rclcpp::[01;31m[KFutureReturnCode[m[K::TIMEOUT == wait_result) {
[1.108s]                [01;31m[K^~~~~~~~~~~~~~~~[m[K
[1.112s] [01m[K/home/zeelb/autonomous-exploration/ros2_ws/src/examples/rclcpp/actions/minimal_action_client/not_composable_with_cancel.cpp:69:15:[m[K [01;31m[Kerror: [m[Kâ€˜[01m[Krclcpp::FutureReturnCode[m[Kâ€™ has not been declared
[1.112s]        rclcpp::[01;31m[KFutureReturnCode[m[K::SUCCESS)
[1.112s]                [01;31m[K^~~~~~~~~~~~~~~~[m[K
[1.113s] [01m[K/home/zeelb/autonomous-exploration/ros2_ws/src/examples/rclcpp/actions/minimal_action_client/not_composable_with_cancel.cpp:76:22:[m[K [01;31m[Kerror: [m[Kâ€˜[01m[Krclcpp::FutureReturnCode[m[Kâ€™ has not been declared
[1.114s]    } else if (rclcpp::[01;31m[KFutureReturnCode[m[K::SUCCESS != wait_result) {
[1.114s]                       [01;31m[K^~~~~~~~~~~~~~~~[m[K
[1.115s] [01m[K/home/zeelb/autonomous-exploration/ros2_ws/src/examples/rclcpp/actions/minimal_action_client/not_composable_with_cancel.cpp:84:13:[m[K [01;31m[Kerror: [m[Kâ€˜[01m[Krclcpp::FutureReturnCode[m[Kâ€™ has not been declared
[1.115s]      rclcpp::[01;31m[KFutureReturnCode[m[K::SUCCESS)
[1.115s]              [01;31m[K^~~~~~~~~~~~~~~~[m[K
[1.884s] make[2]: *** [CMakeFiles/action_client_not_composable.dir/not_composable.cpp.o] Error 1
[1.884s] CMakeFiles/action_client_not_composable.dir/build.make:62: recipe for target 'CMakeFiles/action_client_not_composable.dir/not_composable.cpp.o' failed
[1.884s] make[1]: *** [CMakeFiles/action_client_not_composable.dir/all] Error 2
[1.884s] make[1]: *** Waiting for unfinished jobs....
[1.884s] CMakeFiles/Makefile2:173: recipe for target 'CMakeFiles/action_client_not_composable.dir/all' failed
[1.892s] CMakeFiles/action_client_not_composable_with_feedback.dir/build.make:62: recipe for target 'CMakeFiles/action_client_not_composable_with_feedback.dir/not_composable_with_feedback.cpp.o' failed
[1.892s] make[2]: *** [CMakeFiles/action_client_not_composable_with_feedback.dir/not_composable_with_feedback.cpp.o] Error 1
[1.892s] CMakeFiles/Makefile2:104: recipe for target 'CMakeFiles/action_client_not_composable_with_feedback.dir/all' failed
[1.892s] make[1]: *** [CMakeFiles/action_client_not_composable_with_feedback.dir/all] Error 2
[1.994s] make[2]: *** [CMakeFiles/action_client_not_composable_with_cancel.dir/not_composable_with_cancel.cpp.o] Error 1
[1.995s] CMakeFiles/action_client_not_composable_with_cancel.dir/build.make:62: recipe for target 'CMakeFiles/action_client_not_composable_with_cancel.dir/not_composable_with_cancel.cpp.o' failed
[1.995s] make[1]: *** [CMakeFiles/action_client_not_composable_with_cancel.dir/all] Error 2
[1.995s] CMakeFiles/Makefile2:210: recipe for target 'CMakeFiles/action_client_not_composable_with_cancel.dir/all' failed
[1.995s] make: *** [all] Error 2
[1.995s] Makefile:140: recipe for target 'all' failed
