-- The C compiler identification is GNU 7.5.0
-- The CXX compiler identification is GNU 7.5.0
-- Check for working C compiler: /usr/bin/cc
-- Check for working C compiler: /usr/bin/cc -- works
-- Detecting C compiler ABI info
-- Detecting C compiler ABI info - done
-- Detecting C compile features
-- Detecting C compile features - done
-- Check for working CXX compiler: /usr/bin/c++
-- Check for working CXX compiler: /usr/bin/c++ -- works
-- Detecting CXX compiler ABI info
-- Detecting CXX compiler ABI info - done
-- Detecting CXX compile features
-- Detecting CXX compile features - done
-- Found ament_cmake: 0.7.6 (/opt/ros/dashing/share/ament_cmake/cmake)
-- Found PythonInterp: /usr/bin/python3 (found suitable version "3.6.9", minimum required is "3") 
-- Using PYTHON_EXECUTABLE: /usr/bin/python3
-- Found example_interfaces: 0.7.1 (/opt/ros/dashing/share/example_interfaces/cmake)
-- Found rosidl_adapter: 0.7.10 (/opt/ros/dashing/share/rosidl_adapter/cmake)
-- Found rclcpp: 0.7.16 (/opt/ros/dashing/share/rclcpp/cmake)
-- Found rmw_implementation_cmake: 0.7.2 (/opt/ros/dashing/share/rmw_implementation_cmake/cmake)
-- Using RMW implementation 'rmw_fastrtps_cpp' as default
-- Looking for pthread.h
-- Looking for pthread.h - found
-- Looking for pthread_create
-- Looking for pthread_create - not found
-- Looking for pthread_create in pthreads
-- Looking for pthread_create in pthreads - not found
-- Looking for pthread_create in pthread
-- Looking for pthread_create in pthread - found
-- Found Threads: TRUE  
-- Found rclcpp_action: 0.7.16 (/opt/ros/dashing/share/rclcpp_action/cmake)
-- Found ament_lint_auto: 0.7.12 (/opt/ros/dashing/share/ament_lint_auto/cmake)
-- Added test 'copyright' to check for copyright in CMake / C / C++ / Python code
-- Added test 'cppcheck' to perform static code analysis on C / C++ code
-- Configured cppcheck include dirs: 
-- Added test 'cpplint' to check C / C++ code against the Google style
-- Added test 'lint_cmake' to check CMake code style
-- Added test 'uncrustify' to check C / C++ code style
-- Added test 'xmllint' to check XML markup files
-- Configuring done
-- Generating done
-- Build files have been written to: /home/zeelb/autonomous-exploration/ros2_ws/build/examples_rclcpp_minimal_action_client
[35m[1mScanning dependencies of target action_client_member_functions[0m
[35m[1mScanning dependencies of target action_client_not_composable_with_feedback[0m
[35m[1mScanning dependencies of target action_client_not_composable_with_cancel[0m
[35m[1mScanning dependencies of target action_client_not_composable[0m
[ 12%] [32mBuilding CXX object CMakeFiles/action_client_not_composable_with_cancel.dir/not_composable_with_cancel.cpp.o[0m
[ 25%] [32mBuilding CXX object CMakeFiles/action_client_not_composable_with_feedback.dir/not_composable_with_feedback.cpp.o[0m
[ 37%] [32mBuilding CXX object CMakeFiles/action_client_member_functions.dir/member_functions.cpp.o[0m
[ 50%] [32mBuilding CXX object CMakeFiles/action_client_not_composable.dir/not_composable.cpp.o[0m
[01m[K/home/zeelb/autonomous-exploration/ros2_ws/src/examples/rclcpp/actions/minimal_action_client/not_composable_with_cancel.cpp:[m[K In function â€˜[01m[Kint main(int, char**)[m[Kâ€™:
[01m[K/home/zeelb/autonomous-exploration/ros2_ws/src/examples/rclcpp/actions/minimal_action_client/not_composable_with_cancel.cpp:44:13:[m[K [01;31m[Kerror: [m[Kâ€˜[01m[Krclcpp::FutureReturnCode[m[Kâ€™ has not been declared
     rclcpp::[01;31m[KFutureReturnCode[m[K::SUCCESS)
             [01;31m[K^~~~~~~~~~~~~~~~[m[K
[01m[K/home/zeelb/autonomous-exploration/ros2_ws/src/examples/rclcpp/actions/minimal_action_client/not_composable_with_cancel.cpp:64:15:[m[K [01;31m[Kerror: [m[Kâ€˜[01m[Krclcpp::FutureReturnCode[m[Kâ€™ has not been declared
   if (rclcpp::[01;31m[KFutureReturnCode[m[K::TIMEOUT == wait_result) {
               [01;31m[K^~~~~~~~~~~~~~~~[m[K
[01m[K/home/zeelb/autonomous-exploration/ros2_ws/src/examples/rclcpp/actions/minimal_action_client/not_composable_with_cancel.cpp:69:15:[m[K [01;31m[Kerror: [m[Kâ€˜[01m[Krclcpp::FutureReturnCode[m[Kâ€™ has not been declared
       rclcpp::[01;31m[KFutureReturnCode[m[K::SUCCESS)
               [01;31m[K^~~~~~~~~~~~~~~~[m[K
[01m[K/home/zeelb/autonomous-exploration/ros2_ws/src/examples/rclcpp/actions/minimal_action_client/not_composable_with_cancel.cpp:76:22:[m[K [01;31m[Kerror: [m[Kâ€˜[01m[Krclcpp::FutureReturnCode[m[Kâ€™ has not been declared
   } else if (rclcpp::[01;31m[KFutureReturnCode[m[K::SUCCESS != wait_result) {
                      [01;31m[K^~~~~~~~~~~~~~~~[m[K
[01m[K/home/zeelb/autonomous-exploration/ros2_ws/src/examples/rclcpp/actions/minimal_action_client/not_composable_with_cancel.cpp:84:13:[m[K [01;31m[Kerror: [m[Kâ€˜[01m[Krclcpp::FutureReturnCode[m[Kâ€™ has not been declared
     rclcpp::[01;31m[KFutureReturnCode[m[K::SUCCESS)
             [01;31m[K^~~~~~~~~~~~~~~~[m[K
[01m[K/home/zeelb/autonomous-exploration/ros2_ws/src/examples/rclcpp/actions/minimal_action_client/not_composable.cpp:[m[K In function â€˜[01m[Kint main(int, char**)[m[Kâ€™:
[01m[K/home/zeelb/autonomous-exploration/ros2_ws/src/examples/rclcpp/actions/minimal_action_client/not_composable.cpp:44:13:[m[K [01;31m[Kerror: [m[Kâ€˜[01m[Krclcpp::FutureReturnCode[m[Kâ€™ has not been declared
     rclcpp::[01;31m[KFutureReturnCode[m[K::SUCCESS)
             [01;31m[K^~~~~~~~~~~~~~~~[m[K
[01m[K/home/zeelb/autonomous-exploration/ros2_ws/src/examples/rclcpp/actions/minimal_action_client/not_composable.cpp:61:13:[m[K [01;31m[Kerror: [m[Kâ€˜[01m[Krclcpp::FutureReturnCode[m[Kâ€™ has not been declared
     rclcpp::[01;31m[KFutureReturnCode[m[K::SUCCESS)
             [01;31m[K^~~~~~~~~~~~~~~~[m[K
[01m[K/home/zeelb/autonomous-exploration/ros2_ws/src/examples/rclcpp/actions/minimal_action_client/not_composable_with_feedback.cpp:[m[K In function â€˜[01m[Kint main(int, char**)[m[Kâ€™:
[01m[K/home/zeelb/autonomous-exploration/ros2_ws/src/examples/rclcpp/actions/minimal_action_client/not_composable_with_feedback.cpp:58:13:[m[K [01;31m[Kerror: [m[Kâ€˜[01m[Krclcpp::FutureReturnCode[m[Kâ€™ has not been declared
     rclcpp::[01;31m[KFutureReturnCode[m[K::SUCCESS)
             [01;31m[K^~~~~~~~~~~~~~~~[m[K
[01m[K/home/zeelb/autonomous-exploration/ros2_ws/src/examples/rclcpp/actions/minimal_action_client/not_composable_with_feedback.cpp:75:13:[m[K [01;31m[Kerror: [m[Kâ€˜[01m[Krclcpp::FutureReturnCode[m[Kâ€™ has not been declared
     rclcpp::[01;31m[KFutureReturnCode[m[K::SUCCESS)
             [01;31m[K^~~~~~~~~~~~~~~~[m[K
make[2]: *** [CMakeFiles/action_client_not_composable_with_cancel.dir/not_composable_with_cancel.cpp.o] Error 1
CMakeFiles/action_client_not_composable_with_cancel.dir/build.make:62: recipe for target 'CMakeFiles/action_client_not_composable_with_cancel.dir/not_composable_with_cancel.cpp.o' failed
CMakeFiles/Makefile2:210: recipe for target 'CMakeFiles/action_client_not_composable_with_cancel.dir/all' failed
make[1]: *** [CMakeFiles/action_client_not_composable_with_cancel.dir/all] Error 2
make[1]: *** Waiting for unfinished jobs....
make[2]: *** [CMakeFiles/action_client_not_composable.dir/not_composable.cpp.o] Error 1
CMakeFiles/action_client_not_composable.dir/build.make:62: recipe for target 'CMakeFiles/action_client_not_composable.dir/not_composable.cpp.o' failed
CMakeFiles/Makefile2:173: recipe for target 'CMakeFiles/action_client_not_composable.dir/all' failed
make[1]: *** [CMakeFiles/action_client_not_composable.dir/all] Error 2
CMakeFiles/action_client_not_composable_with_feedback.dir/build.make:62: recipe for target 'CMakeFiles/action_client_not_composable_with_feedback.dir/not_composable_with_feedback.cpp.o' failed
make[2]: *** [CMakeFiles/action_client_not_composable_with_feedback.dir/not_composable_with_feedback.cpp.o] Error 1
CMakeFiles/Makefile2:104: recipe for target 'CMakeFiles/action_client_not_composable_with_feedback.dir/all' failed
make[1]: *** [CMakeFiles/action_client_not_composable_with_feedback.dir/all] Error 2
[ 62%] [32m[1mLinking CXX executable action_client_member_functions[0m
[ 62%] Built target action_client_member_functions
Makefile:140: recipe for target 'all' failed
make: *** [all] Error 2
