[0.073s] Invoking command in '/home/zeelb/autonomous-exploration/ros2_ws/build/examples_rclcpp_minimal_action_client': CMAKE_PREFIX_PATH=/opt/ros/dashing /usr/bin/cmake /home/zeelb/autonomous-exploration/ros2_ws/src/examples/rclcpp/actions/minimal_action_client -DCMAKE_INSTALL_PREFIX=/home/zeelb/autonomous-exploration/ros2_ws/install/examples_rclcpp_minimal_action_client
[1.463s] -- The C compiler identification is GNU 7.5.0
[1.463s] -- The CXX compiler identification is GNU 7.5.0
[1.464s] -- Check for working C compiler: /usr/bin/cc
[1.464s] -- Check for working C compiler: /usr/bin/cc -- works
[1.464s] -- Detecting C compiler ABI info
[1.464s] -- Detecting C compiler ABI info - done
[1.464s] -- Detecting C compile features
[1.465s] -- Detecting C compile features - done
[1.465s] -- Check for working CXX compiler: /usr/bin/c++
[1.465s] -- Check for working CXX compiler: /usr/bin/c++ -- works
[1.465s] -- Detecting CXX compiler ABI info
[1.465s] -- Detecting CXX compiler ABI info - done
[1.465s] -- Detecting CXX compile features
[1.465s] -- Detecting CXX compile features - done
[1.465s] -- Found ament_cmake: 0.7.6 (/opt/ros/dashing/share/ament_cmake/cmake)
[1.466s] -- Found PythonInterp: /usr/bin/python3 (found suitable version "3.6.9", minimum required is "3") 
[1.466s] -- Using PYTHON_EXECUTABLE: /usr/bin/python3
[1.786s] -- Found example_interfaces: 0.7.1 (/opt/ros/dashing/share/example_interfaces/cmake)
[1.809s] -- Found rosidl_adapter: 0.7.10 (/opt/ros/dashing/share/rosidl_adapter/cmake)
[1.897s] -- Found rclcpp: 0.7.16 (/opt/ros/dashing/share/rclcpp/cmake)
[1.919s] -- Found rmw_implementation_cmake: 0.7.2 (/opt/ros/dashing/share/rmw_implementation_cmake/cmake)
[1.922s] -- Using RMW implementation 'rmw_fastrtps_cpp' as default
[1.923s] -- Looking for pthread.h
[2.029s] -- Looking for pthread.h - found
[2.029s] -- Looking for pthread_create
[2.147s] -- Looking for pthread_create - not found
[2.147s] -- Looking for pthread_create in pthreads
[2.238s] -- Looking for pthread_create in pthreads - not found
[2.238s] -- Looking for pthread_create in pthread
[2.344s] -- Looking for pthread_create in pthread - found
[2.355s] -- Found Threads: TRUE  
[2.392s] -- Found rclcpp_action: 0.7.16 (/opt/ros/dashing/share/rclcpp_action/cmake)
[2.726s] -- Found ament_lint_auto: 0.7.12 (/opt/ros/dashing/share/ament_lint_auto/cmake)
[2.912s] -- Added test 'copyright' to check for copyright in CMake / C / C++ / Python code
[2.913s] -- Added test 'cppcheck' to perform static code analysis on C / C++ code
[2.913s] -- Configured cppcheck include dirs: 
[2.915s] -- Added test 'cpplint' to check C / C++ code against the Google style
[2.919s] -- Added test 'lint_cmake' to check CMake code style
[2.920s] -- Added test 'uncrustify' to check C / C++ code style
[2.921s] -- Added test 'xmllint' to check XML markup files
[2.933s] -- Configuring done
[3.107s] -- Generating done
[3.110s] -- Build files have been written to: /home/zeelb/autonomous-exploration/ros2_ws/build/examples_rclcpp_minimal_action_client
[4.304s] Invoked command in '/home/zeelb/autonomous-exploration/ros2_ws/build/examples_rclcpp_minimal_action_client' returned '0': CMAKE_PREFIX_PATH=/opt/ros/dashing /usr/bin/cmake /home/zeelb/autonomous-exploration/ros2_ws/src/examples/rclcpp/actions/minimal_action_client -DCMAKE_INSTALL_PREFIX=/home/zeelb/autonomous-exploration/ros2_ws/install/examples_rclcpp_minimal_action_client
[4.308s] Invoking command in '/home/zeelb/autonomous-exploration/ros2_ws/build/examples_rclcpp_minimal_action_client': CMAKE_PREFIX_PATH=/opt/ros/dashing /usr/bin/cmake --build /home/zeelb/autonomous-exploration/ros2_ws/build/examples_rclcpp_minimal_action_client -- -j12 -l12
[5.387s] [35m[1mScanning dependencies of target action_client_member_functions[0m
[5.387s] [35m[1mScanning dependencies of target action_client_not_composable_with_feedback[0m
[5.388s] [35m[1mScanning dependencies of target action_client_not_composable_with_cancel[0m
[5.388s] [35m[1mScanning dependencies of target action_client_not_composable[0m
[5.388s] [ 12%] [32mBuilding CXX object CMakeFiles/action_client_not_composable_with_cancel.dir/not_composable_with_cancel.cpp.o[0m
[5.388s] [ 25%] [32mBuilding CXX object CMakeFiles/action_client_not_composable_with_feedback.dir/not_composable_with_feedback.cpp.o[0m
[5.388s] [ 37%] [32mBuilding CXX object CMakeFiles/action_client_member_functions.dir/member_functions.cpp.o[0m
[5.388s] [ 50%] [32mBuilding CXX object CMakeFiles/action_client_not_composable.dir/not_composable.cpp.o[0m
[6.621s] [01m[K/home/zeelb/autonomous-exploration/ros2_ws/src/examples/rclcpp/actions/minimal_action_client/not_composable_with_cancel.cpp:[m[K In function â€˜[01m[Kint main(int, char**)[m[Kâ€™:
[6.622s] [01m[K/home/zeelb/autonomous-exploration/ros2_ws/src/examples/rclcpp/actions/minimal_action_client/not_composable_with_cancel.cpp:44:13:[m[K [01;31m[Kerror: [m[Kâ€˜[01m[Krclcpp::FutureReturnCode[m[Kâ€™ has not been declared
[6.622s]      rclcpp::[01;31m[KFutureReturnCode[m[K::SUCCESS)
[6.622s]              [01;31m[K^~~~~~~~~~~~~~~~[m[K
[6.630s] [01m[K/home/zeelb/autonomous-exploration/ros2_ws/src/examples/rclcpp/actions/minimal_action_client/not_composable_with_cancel.cpp:64:15:[m[K [01;31m[Kerror: [m[Kâ€˜[01m[Krclcpp::FutureReturnCode[m[Kâ€™ has not been declared
[6.631s]    if (rclcpp::[01;31m[KFutureReturnCode[m[K::TIMEOUT == wait_result) {
[6.631s]                [01;31m[K^~~~~~~~~~~~~~~~[m[K
[6.634s] [01m[K/home/zeelb/autonomous-exploration/ros2_ws/src/examples/rclcpp/actions/minimal_action_client/not_composable_with_cancel.cpp:69:15:[m[K [01;31m[Kerror: [m[Kâ€˜[01m[Krclcpp::FutureReturnCode[m[Kâ€™ has not been declared
[6.634s]        rclcpp::[01;31m[KFutureReturnCode[m[K::SUCCESS)
[6.634s]                [01;31m[K^~~~~~~~~~~~~~~~[m[K
[6.635s] [01m[K/home/zeelb/autonomous-exploration/ros2_ws/src/examples/rclcpp/actions/minimal_action_client/not_composable_with_cancel.cpp:76:22:[m[K [01;31m[Kerror: [m[Kâ€˜[01m[Krclcpp::FutureReturnCode[m[Kâ€™ has not been declared
[6.635s]    } else if (rclcpp::[01;31m[KFutureReturnCode[m[K::SUCCESS != wait_result) {
[6.635s]                       [01;31m[K^~~~~~~~~~~~~~~~[m[K
[6.636s] [01m[K/home/zeelb/autonomous-exploration/ros2_ws/src/examples/rclcpp/actions/minimal_action_client/not_composable_with_cancel.cpp:84:13:[m[K [01;31m[Kerror: [m[Kâ€˜[01m[Krclcpp::FutureReturnCode[m[Kâ€™ has not been declared
[6.636s]      rclcpp::[01;31m[KFutureReturnCode[m[K::SUCCESS)
[6.636s]              [01;31m[K^~~~~~~~~~~~~~~~[m[K
[6.895s] [01m[K/home/zeelb/autonomous-exploration/ros2_ws/src/examples/rclcpp/actions/minimal_action_client/not_composable.cpp:[m[K In function â€˜[01m[Kint main(int, char**)[m[Kâ€™:
[6.895s] [01m[K/home/zeelb/autonomous-exploration/ros2_ws/src/examples/rclcpp/actions/minimal_action_client/not_composable.cpp:44:13:[m[K [01;31m[Kerror: [m[Kâ€˜[01m[Krclcpp::FutureReturnCode[m[Kâ€™ has not been declared
[6.895s]      rclcpp::[01;31m[KFutureReturnCode[m[K::SUCCESS)
[6.895s]              [01;31m[K^~~~~~~~~~~~~~~~[m[K
[6.906s] [01m[K/home/zeelb/autonomous-exploration/ros2_ws/src/examples/rclcpp/actions/minimal_action_client/not_composable.cpp:61:13:[m[K [01;31m[Kerror: [m[Kâ€˜[01m[Krclcpp::FutureReturnCode[m[Kâ€™ has not been declared
[6.906s]      rclcpp::[01;31m[KFutureReturnCode[m[K::SUCCESS)
[6.906s]              [01;31m[K^~~~~~~~~~~~~~~~[m[K
[7.083s] [01m[K/home/zeelb/autonomous-exploration/ros2_ws/src/examples/rclcpp/actions/minimal_action_client/not_composable_with_feedback.cpp:[m[K In function â€˜[01m[Kint main(int, char**)[m[Kâ€™:
[7.083s] [01m[K/home/zeelb/autonomous-exploration/ros2_ws/src/examples/rclcpp/actions/minimal_action_client/not_composable_with_feedback.cpp:58:13:[m[K [01;31m[Kerror: [m[Kâ€˜[01m[Krclcpp::FutureReturnCode[m[Kâ€™ has not been declared
[7.083s]      rclcpp::[01;31m[KFutureReturnCode[m[K::SUCCESS)
[7.084s]              [01;31m[K^~~~~~~~~~~~~~~~[m[K
[7.086s] [01m[K/home/zeelb/autonomous-exploration/ros2_ws/src/examples/rclcpp/actions/minimal_action_client/not_composable_with_feedback.cpp:75:13:[m[K [01;31m[Kerror: [m[Kâ€˜[01m[Krclcpp::FutureReturnCode[m[Kâ€™ has not been declared
[7.086s]      rclcpp::[01;31m[KFutureReturnCode[m[K::SUCCESS)
[7.086s]              [01;31m[K^~~~~~~~~~~~~~~~[m[K
[7.636s] make[2]: *** [CMakeFiles/action_client_not_composable_with_cancel.dir/not_composable_with_cancel.cpp.o] Error 1
[7.636s] CMakeFiles/action_client_not_composable_with_cancel.dir/build.make:62: recipe for target 'CMakeFiles/action_client_not_composable_with_cancel.dir/not_composable_with_cancel.cpp.o' failed
[7.636s] CMakeFiles/Makefile2:210: recipe for target 'CMakeFiles/action_client_not_composable_with_cancel.dir/all' failed
[7.636s] make[1]: *** [CMakeFiles/action_client_not_composable_with_cancel.dir/all] Error 2
[7.636s] make[1]: *** Waiting for unfinished jobs....
[7.757s] make[2]: *** [CMakeFiles/action_client_not_composable.dir/not_composable.cpp.o] Error 1
[7.757s] CMakeFiles/action_client_not_composable.dir/build.make:62: recipe for target 'CMakeFiles/action_client_not_composable.dir/not_composable.cpp.o' failed
[7.757s] CMakeFiles/Makefile2:173: recipe for target 'CMakeFiles/action_client_not_composable.dir/all' failed
[7.757s] make[1]: *** [CMakeFiles/action_client_not_composable.dir/all] Error 2
[7.817s] CMakeFiles/action_client_not_composable_with_feedback.dir/build.make:62: recipe for target 'CMakeFiles/action_client_not_composable_with_feedback.dir/not_composable_with_feedback.cpp.o' failed
[7.817s] make[2]: *** [CMakeFiles/action_client_not_composable_with_feedback.dir/not_composable_with_feedback.cpp.o] Error 1
[7.817s] CMakeFiles/Makefile2:104: recipe for target 'CMakeFiles/action_client_not_composable_with_feedback.dir/all' failed
[7.817s] make[1]: *** [CMakeFiles/action_client_not_composable_with_feedback.dir/all] Error 2
[8.636s] [ 62%] [32m[1mLinking CXX executable action_client_member_functions[0m
[8.790s] [ 62%] Built target action_client_member_functions
[8.791s] Makefile:140: recipe for target 'all' failed
[8.791s] make: *** [all] Error 2
