[0.077s] Invoking command in '/home/zeelb/autonomous-exploration/ros2_ws/build/examples_rclcpp_minimal_action_client': CMAKE_PREFIX_PATH=/opt/ros/dashing /usr/bin/cmake /home/zeelb/autonomous-exploration/ros2_ws/src/examples/rclcpp/actions/minimal_action_client -DAMENT_CMAKE_SYMLINK_INSTALL=1 -DCMAKE_INSTALL_PREFIX=/home/zeelb/autonomous-exploration/ros2_ws/install/examples_rclcpp_minimal_action_client
[1.390s] -- The C compiler identification is GNU 7.5.0
[1.390s] -- The CXX compiler identification is GNU 7.5.0
[1.391s] -- Check for working C compiler: /usr/bin/cc
[1.392s] -- Check for working C compiler: /usr/bin/cc -- works
[1.392s] -- Detecting C compiler ABI info
[1.392s] -- Detecting C compiler ABI info - done
[1.392s] -- Detecting C compile features
[1.392s] -- Detecting C compile features - done
[1.392s] -- Check for working CXX compiler: /usr/bin/c++
[1.392s] -- Check for working CXX compiler: /usr/bin/c++ -- works
[1.392s] -- Detecting CXX compiler ABI info
[1.393s] -- Detecting CXX compiler ABI info - done
[1.393s] -- Detecting CXX compile features
[1.468s] -- Detecting CXX compile features - done
[1.476s] -- Found ament_cmake: 0.7.6 (/opt/ros/dashing/share/ament_cmake/cmake)
[1.512s] -- Found PythonInterp: /usr/bin/python3 (found suitable version "3.6.9", minimum required is "3") 
[1.512s] -- Using PYTHON_EXECUTABLE: /usr/bin/python3
[1.860s] -- Override CMake install command with custom implementation using symlinks instead of copying resources
[1.888s] -- Found example_interfaces: 0.7.1 (/opt/ros/dashing/share/example_interfaces/cmake)
[1.910s] -- Found rosidl_adapter: 0.7.10 (/opt/ros/dashing/share/rosidl_adapter/cmake)
[1.991s] -- Found rclcpp: 0.7.16 (/opt/ros/dashing/share/rclcpp/cmake)
[2.013s] -- Found rmw_implementation_cmake: 0.7.2 (/opt/ros/dashing/share/rmw_implementation_cmake/cmake)
[2.015s] -- Using RMW implementation 'rmw_fastrtps_cpp' as default
[2.016s] -- Looking for pthread.h
[2.131s] -- Looking for pthread.h - found
[2.131s] -- Looking for pthread_create
[2.251s] -- Looking for pthread_create - not found
[2.251s] -- Looking for pthread_create in pthreads
[2.343s] -- Looking for pthread_create in pthreads - not found
[2.343s] -- Looking for pthread_create in pthread
[2.463s] -- Looking for pthread_create in pthread - found
[2.464s] -- Found Threads: TRUE  
[2.500s] -- Found rclcpp_action: 0.7.16 (/opt/ros/dashing/share/rclcpp_action/cmake)
[2.801s] -- Found ament_lint_auto: 0.7.12 (/opt/ros/dashing/share/ament_lint_auto/cmake)
[2.984s] -- Added test 'copyright' to check for copyright in CMake / C / C++ / Python code
[2.985s] -- Added test 'cppcheck' to perform static code analysis on C / C++ code
[2.985s] -- Configured cppcheck include dirs: 
[2.987s] -- Added test 'cpplint' to check C / C++ code against the Google style
[2.988s] -- Added test 'lint_cmake' to check CMake code style
[2.989s] -- Added test 'uncrustify' to check C / C++ code style
[2.990s] -- Added test 'xmllint' to check XML markup files
[2.994s] -- Configuring done
[3.076s] -- Generating done
[3.079s] -- Build files have been written to: /home/zeelb/autonomous-exploration/ros2_ws/build/examples_rclcpp_minimal_action_client
[5.519s] Invoked command in '/home/zeelb/autonomous-exploration/ros2_ws/build/examples_rclcpp_minimal_action_client' returned '0': CMAKE_PREFIX_PATH=/opt/ros/dashing /usr/bin/cmake /home/zeelb/autonomous-exploration/ros2_ws/src/examples/rclcpp/actions/minimal_action_client -DAMENT_CMAKE_SYMLINK_INSTALL=1 -DCMAKE_INSTALL_PREFIX=/home/zeelb/autonomous-exploration/ros2_ws/install/examples_rclcpp_minimal_action_client
[5.523s] Invoking command in '/home/zeelb/autonomous-exploration/ros2_ws/build/examples_rclcpp_minimal_action_client': CMAKE_PREFIX_PATH=/opt/ros/dashing /usr/bin/cmake --build /home/zeelb/autonomous-exploration/ros2_ws/build/examples_rclcpp_minimal_action_client -- -j12 -l12
[5.754s] [35m[1mScanning dependencies of target action_client_not_composable_with_feedback[0m
[5.776s] [35m[1mScanning dependencies of target action_client_not_composable_with_cancel[0m
[5.778s] [35m[1mScanning dependencies of target action_client_not_composable[0m
[5.791s] [35m[1mScanning dependencies of target action_client_member_functions[0m
[5.891s] [ 12%] [32mBuilding CXX object CMakeFiles/action_client_not_composable_with_feedback.dir/not_composable_with_feedback.cpp.o[0m
[5.942s] [ 25%] [32mBuilding CXX object CMakeFiles/action_client_not_composable_with_cancel.dir/not_composable_with_cancel.cpp.o[0m
[5.943s] [ 37%] [32mBuilding CXX object CMakeFiles/action_client_not_composable.dir/not_composable.cpp.o[0m
[5.985s] [ 50%] [32mBuilding CXX object CMakeFiles/action_client_member_functions.dir/member_functions.cpp.o[0m
[7.471s] [01m[K/home/zeelb/autonomous-exploration/ros2_ws/src/examples/rclcpp/actions/minimal_action_client/not_composable_with_cancel.cpp:[m[K In function â€˜[01m[Kint main(int, char**)[m[Kâ€™:
[7.471s] [01m[K/home/zeelb/autonomous-exploration/ros2_ws/src/examples/rclcpp/actions/minimal_action_client/not_composable_with_cancel.cpp:44:13:[m[K [01;31m[Kerror: [m[Kâ€˜[01m[Krclcpp::FutureReturnCode[m[Kâ€™ has not been declared
[7.471s]      rclcpp::[01;31m[KFutureReturnCode[m[K::SUCCESS)
[7.471s]              [01;31m[K^~~~~~~~~~~~~~~~[m[K
[7.478s] [01m[K/home/zeelb/autonomous-exploration/ros2_ws/src/examples/rclcpp/actions/minimal_action_client/not_composable_with_cancel.cpp:64:15:[m[K [01;31m[Kerror: [m[Kâ€˜[01m[Krclcpp::FutureReturnCode[m[Kâ€™ has not been declared
[7.478s]    if (rclcpp::[01;31m[KFutureReturnCode[m[K::TIMEOUT == wait_result) {
[7.478s]                [01;31m[K^~~~~~~~~~~~~~~~[m[K
[7.480s] [01m[K/home/zeelb/autonomous-exploration/ros2_ws/src/examples/rclcpp/actions/minimal_action_client/not_composable_with_cancel.cpp:69:15:[m[K [01;31m[Kerror: [m[Kâ€˜[01m[Krclcpp::FutureReturnCode[m[Kâ€™ has not been declared
[7.481s]        rclcpp::[01;31m[KFutureReturnCode[m[K::SUCCESS)
[7.481s]                [01;31m[K^~~~~~~~~~~~~~~~[m[K
[7.481s] [01m[K/home/zeelb/autonomous-exploration/ros2_ws/src/examples/rclcpp/actions/minimal_action_client/not_composable_with_cancel.cpp:76:22:[m[K [01;31m[Kerror: [m[Kâ€˜[01m[Krclcpp::FutureReturnCode[m[Kâ€™ has not been declared
[7.481s]    } else if (rclcpp::[01;31m[KFutureReturnCode[m[K::SUCCESS != wait_result) {
[7.481s]                       [01;31m[K^~~~~~~~~~~~~~~~[m[K
[7.482s] [01m[K/home/zeelb/autonomous-exploration/ros2_ws/src/examples/rclcpp/actions/minimal_action_client/not_composable_with_cancel.cpp:84:13:[m[K [01;31m[Kerror: [m[Kâ€˜[01m[Krclcpp::FutureReturnCode[m[Kâ€™ has not been declared
[7.482s]      rclcpp::[01;31m[KFutureReturnCode[m[K::SUCCESS)
[7.482s]              [01;31m[K^~~~~~~~~~~~~~~~[m[K
[7.501s] [01m[K/home/zeelb/autonomous-exploration/ros2_ws/src/examples/rclcpp/actions/minimal_action_client/not_composable_with_feedback.cpp:[m[K In function â€˜[01m[Kint main(int, char**)[m[Kâ€™:
[7.501s] [01m[K/home/zeelb/autonomous-exploration/ros2_ws/src/examples/rclcpp/actions/minimal_action_client/not_composable_with_feedback.cpp:58:13:[m[K [01;31m[Kerror: [m[Kâ€˜[01m[Krclcpp::FutureReturnCode[m[Kâ€™ has not been declared
[7.501s]      rclcpp::[01;31m[KFutureReturnCode[m[K::SUCCESS)
[7.501s]              [01;31m[K^~~~~~~~~~~~~~~~[m[K
[7.503s] [01m[K/home/zeelb/autonomous-exploration/ros2_ws/src/examples/rclcpp/actions/minimal_action_client/not_composable_with_feedback.cpp:75:13:[m[K [01;31m[Kerror: [m[Kâ€˜[01m[Krclcpp::FutureReturnCode[m[Kâ€™ has not been declared
[7.503s]      rclcpp::[01;31m[KFutureReturnCode[m[K::SUCCESS)
[7.504s]              [01;31m[K^~~~~~~~~~~~~~~~[m[K
[7.659s] [01m[K/home/zeelb/autonomous-exploration/ros2_ws/src/examples/rclcpp/actions/minimal_action_client/not_composable.cpp:[m[K In function â€˜[01m[Kint main(int, char**)[m[Kâ€™:
[7.659s] [01m[K/home/zeelb/autonomous-exploration/ros2_ws/src/examples/rclcpp/actions/minimal_action_client/not_composable.cpp:44:13:[m[K [01;31m[Kerror: [m[Kâ€˜[01m[Krclcpp::FutureReturnCode[m[Kâ€™ has not been declared
[7.659s]      rclcpp::[01;31m[KFutureReturnCode[m[K::SUCCESS)
[7.659s]              [01;31m[K^~~~~~~~~~~~~~~~[m[K
[7.668s] [01m[K/home/zeelb/autonomous-exploration/ros2_ws/src/examples/rclcpp/actions/minimal_action_client/not_composable.cpp:61:13:[m[K [01;31m[Kerror: [m[Kâ€˜[01m[Krclcpp::FutureReturnCode[m[Kâ€™ has not been declared
[7.668s]      rclcpp::[01;31m[KFutureReturnCode[m[K::SUCCESS)
[7.668s]              [01;31m[K^~~~~~~~~~~~~~~~[m[K
[8.123s] CMakeFiles/action_client_not_composable_with_feedback.dir/build.make:62: recipe for target 'CMakeFiles/action_client_not_composable_with_feedback.dir/not_composable_with_feedback.cpp.o' failed
[8.123s] make[2]: *** [CMakeFiles/action_client_not_composable_with_feedback.dir/not_composable_with_feedback.cpp.o] Error 1
[8.123s] CMakeFiles/Makefile2:104: recipe for target 'CMakeFiles/action_client_not_composable_with_feedback.dir/all' failed
[8.123s] make[1]: *** [CMakeFiles/action_client_not_composable_with_feedback.dir/all] Error 2
[8.123s] make[1]: *** Waiting for unfinished jobs....
[8.219s] make[2]: *** [CMakeFiles/action_client_not_composable_with_cancel.dir/not_composable_with_cancel.cpp.o] Error 1
[8.220s] CMakeFiles/action_client_not_composable_with_cancel.dir/build.make:62: recipe for target 'CMakeFiles/action_client_not_composable_with_cancel.dir/not_composable_with_cancel.cpp.o' failed
[8.220s] CMakeFiles/Makefile2:210: recipe for target 'CMakeFiles/action_client_not_composable_with_cancel.dir/all' failed
[8.220s] make[1]: *** [CMakeFiles/action_client_not_composable_with_cancel.dir/all] Error 2
[8.268s] make[2]: *** [CMakeFiles/action_client_not_composable.dir/not_composable.cpp.o] Error 1
[8.268s] CMakeFiles/action_client_not_composable.dir/build.make:62: recipe for target 'CMakeFiles/action_client_not_composable.dir/not_composable.cpp.o' failed
[8.268s] CMakeFiles/Makefile2:173: recipe for target 'CMakeFiles/action_client_not_composable.dir/all' failed
[8.268s] make[1]: *** [CMakeFiles/action_client_not_composable.dir/all] Error 2
[9.117s] [ 62%] [32m[1mLinking CXX executable action_client_member_functions[0m
[9.252s] [ 62%] Built target action_client_member_functions
[9.253s] Makefile:140: recipe for target 'all' failed
[9.253s] make: *** [all] Error 2
