-- The C compiler identification is GNU 7.5.0
-- The CXX compiler identification is GNU 7.5.0
-- Check for working C compiler: /usr/bin/cc
-- Check for working C compiler: /usr/bin/cc -- works
-- Detecting C compiler ABI info
-- Detecting C compiler ABI info - done
-- Detecting C compile features
-- Detecting C compile features - done
-- Check for working CXX compiler: /usr/bin/c++
-- Check for working CXX compiler: /usr/bin/c++ -- works
-- Detecting CXX compiler ABI info
-- Detecting CXX compiler ABI info - done
-- Detecting CXX compile features
-- Detecting CXX compile features - done
-- Found ament_cmake: 0.7.6 (/opt/ros/dashing/share/ament_cmake/cmake)
-- Found PythonInterp: /usr/bin/python3 (found suitable version "3.6.9", minimum required is "3") 
-- Using PYTHON_EXECUTABLE: /usr/bin/python3
-- Found rclcpp: 0.7.16 (/opt/ros/dashing/share/rclcpp/cmake)
-- Found rosidl_adapter: 0.7.10 (/opt/ros/dashing/share/rosidl_adapter/cmake)
-- Found rmw_implementation_cmake: 0.7.2 (/opt/ros/dashing/share/rmw_implementation_cmake/cmake)
-- Using RMW implementation 'rmw_fastrtps_cpp' as default
-- Looking for pthread.h
-- Looking for pthread.h - found
-- Looking for pthread_create
-- Looking for pthread_create - not found
-- Looking for pthread_create in pthreads
-- Looking for pthread_create in pthreads - not found
-- Looking for pthread_create in pthread
-- Looking for pthread_create in pthread - found
-- Found Threads: TRUE  
-- Found std_msgs: 0.7.1 (/opt/ros/dashing/share/std_msgs/cmake)
-- Found ament_lint_auto: 0.7.12 (/opt/ros/dashing/share/ament_lint_auto/cmake)
-- Added test 'copyright' to check for copyright in CMake / C / C++ / Python code
-- Added test 'cppcheck' to perform static code analysis on C / C++ code
-- Configured cppcheck include dirs: 
-- Added test 'cpplint' to check C / C++ code against the Google style
-- Added test 'lint_cmake' to check CMake code style
-- Added test 'uncrustify' to check C / C++ code style
-- Added test 'xmllint' to check XML markup files
-- Configuring done
-- Generating done
-- Build files have been written to: /home/zeelb/autonomous-exploration/ros2_ws/build/examples_rclcpp_multithreaded_executor
[35m[1mScanning dependencies of target multithreaded_executor[0m
[ 50%] [32mBuilding CXX object CMakeFiles/multithreaded_executor.dir/multithreaded_executor.cpp.o[0m
[01m[K/home/zeelb/autonomous-exploration/ros2_ws/src/examples/rclcpp/executors/multithreaded_executor/multithreaded_executor.cpp:157:11:[m[K [01;31m[Kerror: [m[Kâ€˜[01m[KCallbackGroup[m[Kâ€™ in namespace â€˜[01m[Krclcpp[m[Kâ€™ does not name a type
   rclcpp::[01;31m[KCallbackGroup[m[K::SharedPtr callback_group_subscriber1_;
           [01;31m[K^~~~~~~~~~~~~[m[K
[01m[K/home/zeelb/autonomous-exploration/ros2_ws/src/examples/rclcpp/executors/multithreaded_executor/multithreaded_executor.cpp:158:11:[m[K [01;31m[Kerror: [m[Kâ€˜[01m[KCallbackGroup[m[Kâ€™ in namespace â€˜[01m[Krclcpp[m[Kâ€™ does not name a type
   rclcpp::[01;31m[KCallbackGroup[m[K::SharedPtr callback_group_subscriber2_;
           [01;31m[K^~~~~~~~~~~~~[m[K
[01m[K/home/zeelb/autonomous-exploration/ros2_ws/src/examples/rclcpp/executors/multithreaded_executor/multithreaded_executor.cpp:[m[K In constructor â€˜[01m[KDualThreadedNode::DualThreadedNode()[m[Kâ€™:
[01m[K/home/zeelb/autonomous-exploration/ros2_ws/src/examples/rclcpp/executors/multithreaded_executor/multithreaded_executor.cpp:78:5:[m[K [01;31m[Kerror: [m[Kâ€˜[01m[Kcallback_group_subscriber1_[m[Kâ€™ was not declared in this scope
     [01;31m[Kcallback_group_subscriber1_[m[K = this->create_callback_group(
     [01;31m[K^~~~~~~~~~~~~~~~~~~~~~~~~~~[m[K
[01m[K/home/zeelb/autonomous-exploration/ros2_ws/src/examples/rclcpp/executors/multithreaded_executor/multithreaded_executor.cpp:79:15:[m[K [01;31m[Kerror: [m[Kâ€˜[01m[Krclcpp::CallbackGroupType[m[Kâ€™ has not been declared
       rclcpp::[01;31m[KCallbackGroupType[m[K::MutuallyExclusive);
               [01;31m[K^~~~~~~~~~~~~~~~~[m[K
[01m[K/home/zeelb/autonomous-exploration/ros2_ws/src/examples/rclcpp/executors/multithreaded_executor/multithreaded_executor.cpp:80:5:[m[K [01;31m[Kerror: [m[Kâ€˜[01m[Kcallback_group_subscriber2_[m[Kâ€™ was not declared in this scope
     [01;31m[Kcallback_group_subscriber2_[m[K = this->create_callback_group(
     [01;31m[K^~~~~~~~~~~~~~~~~~~~~~~~~~~[m[K
[01m[K/home/zeelb/autonomous-exploration/ros2_ws/src/examples/rclcpp/executors/multithreaded_executor/multithreaded_executor.cpp:81:15:[m[K [01;31m[Kerror: [m[Kâ€˜[01m[Krclcpp::CallbackGroupType[m[Kâ€™ has not been declared
       rclcpp::[01;31m[KCallbackGroupType[m[K::MutuallyExclusive);
               [01;31m[K^~~~~~~~~~~~~~~~~[m[K
CMakeFiles/multithreaded_executor.dir/build.make:62: recipe for target 'CMakeFiles/multithreaded_executor.dir/multithreaded_executor.cpp.o' failed
make[2]: *** [CMakeFiles/multithreaded_executor.dir/multithreaded_executor.cpp.o] Error 1
CMakeFiles/Makefile2:99: recipe for target 'CMakeFiles/multithreaded_executor.dir/all' failed
Makefile:140: recipe for target 'all' failed
make[1]: *** [CMakeFiles/multithreaded_executor.dir/all] Error 2
make: *** [all] Error 2
