[0.063s] Invoking command in '/home/zeelb/autonomous-exploration/ros2_ws/build/examples_rclcpp_multithreaded_executor': CMAKE_PREFIX_PATH=/opt/ros/dashing /usr/bin/cmake /home/zeelb/autonomous-exploration/ros2_ws/src/examples/rclcpp/executors/multithreaded_executor -DCMAKE_INSTALL_PREFIX=/home/zeelb/autonomous-exploration/ros2_ws/install/examples_rclcpp_multithreaded_executor
[1.443s] -- The C compiler identification is GNU 7.5.0
[1.444s] -- The CXX compiler identification is GNU 7.5.0
[1.444s] -- Check for working C compiler: /usr/bin/cc
[1.444s] -- Check for working C compiler: /usr/bin/cc -- works
[1.447s] -- Detecting C compiler ABI info
[1.447s] -- Detecting C compiler ABI info - done
[1.447s] -- Detecting C compile features
[1.447s] -- Detecting C compile features - done
[1.447s] -- Check for working CXX compiler: /usr/bin/c++
[1.448s] -- Check for working CXX compiler: /usr/bin/c++ -- works
[1.448s] -- Detecting CXX compiler ABI info
[1.448s] -- Detecting CXX compiler ABI info - done
[1.448s] -- Detecting CXX compile features
[1.448s] -- Detecting CXX compile features - done
[1.448s] -- Found ament_cmake: 0.7.6 (/opt/ros/dashing/share/ament_cmake/cmake)
[1.448s] -- Found PythonInterp: /usr/bin/python3 (found suitable version "3.6.9", minimum required is "3") 
[1.448s] -- Using PYTHON_EXECUTABLE: /usr/bin/python3
[1.749s] -- Found rclcpp: 0.7.16 (/opt/ros/dashing/share/rclcpp/cmake)
[1.778s] -- Found rosidl_adapter: 0.7.10 (/opt/ros/dashing/share/rosidl_adapter/cmake)
[1.841s] -- Found rmw_implementation_cmake: 0.7.2 (/opt/ros/dashing/share/rmw_implementation_cmake/cmake)
[1.843s] -- Using RMW implementation 'rmw_fastrtps_cpp' as default
[1.844s] -- Looking for pthread.h
[1.958s] -- Looking for pthread.h - found
[1.958s] -- Looking for pthread_create
[2.078s] -- Looking for pthread_create - not found
[2.078s] -- Looking for pthread_create in pthreads
[2.165s] -- Looking for pthread_create in pthreads - not found
[2.165s] -- Looking for pthread_create in pthread
[2.284s] -- Looking for pthread_create in pthread - found
[2.298s] -- Found Threads: TRUE  
[2.332s] -- Found std_msgs: 0.7.1 (/opt/ros/dashing/share/std_msgs/cmake)
[2.357s] -- Found ament_lint_auto: 0.7.12 (/opt/ros/dashing/share/ament_lint_auto/cmake)
[2.548s] -- Added test 'copyright' to check for copyright in CMake / C / C++ / Python code
[2.549s] -- Added test 'cppcheck' to perform static code analysis on C / C++ code
[2.549s] -- Configured cppcheck include dirs: 
[2.549s] -- Added test 'cpplint' to check C / C++ code against the Google style
[2.552s] -- Added test 'lint_cmake' to check CMake code style
[2.554s] -- Added test 'uncrustify' to check C / C++ code style
[2.555s] -- Added test 'xmllint' to check XML markup files
[2.557s] -- Configuring done
[2.591s] -- Generating done
[2.591s] -- Build files have been written to: /home/zeelb/autonomous-exploration/ros2_ws/build/examples_rclcpp_multithreaded_executor
[2.608s] Invoked command in '/home/zeelb/autonomous-exploration/ros2_ws/build/examples_rclcpp_multithreaded_executor' returned '0': CMAKE_PREFIX_PATH=/opt/ros/dashing /usr/bin/cmake /home/zeelb/autonomous-exploration/ros2_ws/src/examples/rclcpp/executors/multithreaded_executor -DCMAKE_INSTALL_PREFIX=/home/zeelb/autonomous-exploration/ros2_ws/install/examples_rclcpp_multithreaded_executor
[2.609s] Invoking command in '/home/zeelb/autonomous-exploration/ros2_ws/build/examples_rclcpp_multithreaded_executor': CMAKE_PREFIX_PATH=/opt/ros/dashing /usr/bin/cmake --build /home/zeelb/autonomous-exploration/ros2_ws/build/examples_rclcpp_multithreaded_executor -- -j12 -l12
[2.657s] [35m[1mScanning dependencies of target multithreaded_executor[0m
[2.698s] [ 50%] [32mBuilding CXX object CMakeFiles/multithreaded_executor.dir/multithreaded_executor.cpp.o[0m
[4.128s] [01m[K/home/zeelb/autonomous-exploration/ros2_ws/src/examples/rclcpp/executors/multithreaded_executor/multithreaded_executor.cpp:157:11:[m[K [01;31m[Kerror: [m[Kâ€˜[01m[KCallbackGroup[m[Kâ€™ in namespace â€˜[01m[Krclcpp[m[Kâ€™ does not name a type
[4.128s]    rclcpp::[01;31m[KCallbackGroup[m[K::SharedPtr callback_group_subscriber1_;
[4.128s]            [01;31m[K^~~~~~~~~~~~~[m[K
[4.128s] [01m[K/home/zeelb/autonomous-exploration/ros2_ws/src/examples/rclcpp/executors/multithreaded_executor/multithreaded_executor.cpp:158:11:[m[K [01;31m[Kerror: [m[Kâ€˜[01m[KCallbackGroup[m[Kâ€™ in namespace â€˜[01m[Krclcpp[m[Kâ€™ does not name a type
[4.129s]    rclcpp::[01;31m[KCallbackGroup[m[K::SharedPtr callback_group_subscriber2_;
[4.129s]            [01;31m[K^~~~~~~~~~~~~[m[K
[4.145s] [01m[K/home/zeelb/autonomous-exploration/ros2_ws/src/examples/rclcpp/executors/multithreaded_executor/multithreaded_executor.cpp:[m[K In constructor â€˜[01m[KDualThreadedNode::DualThreadedNode()[m[Kâ€™:
[4.145s] [01m[K/home/zeelb/autonomous-exploration/ros2_ws/src/examples/rclcpp/executors/multithreaded_executor/multithreaded_executor.cpp:78:5:[m[K [01;31m[Kerror: [m[Kâ€˜[01m[Kcallback_group_subscriber1_[m[Kâ€™ was not declared in this scope
[4.145s]      [01;31m[Kcallback_group_subscriber1_[m[K = this->create_callback_group(
[4.145s]      [01;31m[K^~~~~~~~~~~~~~~~~~~~~~~~~~~[m[K
[4.156s] [01m[K/home/zeelb/autonomous-exploration/ros2_ws/src/examples/rclcpp/executors/multithreaded_executor/multithreaded_executor.cpp:79:15:[m[K [01;31m[Kerror: [m[Kâ€˜[01m[Krclcpp::CallbackGroupType[m[Kâ€™ has not been declared
[4.156s]        rclcpp::[01;31m[KCallbackGroupType[m[K::MutuallyExclusive);
[4.156s]                [01;31m[K^~~~~~~~~~~~~~~~~[m[K
[4.157s] [01m[K/home/zeelb/autonomous-exploration/ros2_ws/src/examples/rclcpp/executors/multithreaded_executor/multithreaded_executor.cpp:80:5:[m[K [01;31m[Kerror: [m[Kâ€˜[01m[Kcallback_group_subscriber2_[m[Kâ€™ was not declared in this scope
[4.157s]      [01;31m[Kcallback_group_subscriber2_[m[K = this->create_callback_group(
[4.157s]      [01;31m[K^~~~~~~~~~~~~~~~~~~~~~~~~~~[m[K
[4.167s] [01m[K/home/zeelb/autonomous-exploration/ros2_ws/src/examples/rclcpp/executors/multithreaded_executor/multithreaded_executor.cpp:81:15:[m[K [01;31m[Kerror: [m[Kâ€˜[01m[Krclcpp::CallbackGroupType[m[Kâ€™ has not been declared
[4.167s]        rclcpp::[01;31m[KCallbackGroupType[m[K::MutuallyExclusive);
[4.167s]                [01;31m[K^~~~~~~~~~~~~~~~~[m[K
[5.607s] CMakeFiles/multithreaded_executor.dir/build.make:62: recipe for target 'CMakeFiles/multithreaded_executor.dir/multithreaded_executor.cpp.o' failed
[5.608s] make[2]: *** [CMakeFiles/multithreaded_executor.dir/multithreaded_executor.cpp.o] Error 1
[5.608s] CMakeFiles/Makefile2:99: recipe for target 'CMakeFiles/multithreaded_executor.dir/all' failed
[5.608s] Makefile:140: recipe for target 'all' failed
[5.608s] make[1]: *** [CMakeFiles/multithreaded_executor.dir/all] Error 2
[5.608s] make: *** [all] Error 2
[5.611s] Invoked command in '/home/zeelb/autonomous-exploration/ros2_ws/build/examples_rclcpp_multithreaded_executor' returned '2': CMAKE_PREFIX_PATH=/opt/ros/dashing /usr/bin/cmake --build /home/zeelb/autonomous-exploration/ros2_ws/build/examples_rclcpp_multithreaded_executor -- -j12 -l12
