[0.072s] Invoking command in '/home/zeelb/autonomous-exploration/ros2_ws/build/examples_rclcpp_minimal_client': CMAKE_PREFIX_PATH=/opt/ros/dashing /usr/bin/cmake /home/zeelb/autonomous-exploration/ros2_ws/src/examples/rclcpp/services/minimal_client -DAMENT_CMAKE_SYMLINK_INSTALL=1 -DCMAKE_INSTALL_PREFIX=/home/zeelb/autonomous-exploration/ros2_ws/install/examples_rclcpp_minimal_client
[1.382s] -- The C compiler identification is GNU 7.5.0
[1.383s] -- The CXX compiler identification is GNU 7.5.0
[1.383s] -- Check for working C compiler: /usr/bin/cc
[1.383s] -- Check for working C compiler: /usr/bin/cc -- works
[1.383s] -- Detecting C compiler ABI info
[1.383s] -- Detecting C compiler ABI info - done
[1.383s] -- Detecting C compile features
[1.384s] -- Detecting C compile features - done
[1.384s] -- Check for working CXX compiler: /usr/bin/c++
[1.384s] -- Check for working CXX compiler: /usr/bin/c++ -- works
[1.385s] -- Detecting CXX compiler ABI info
[1.385s] -- Detecting CXX compiler ABI info - done
[1.385s] -- Detecting CXX compile features
[1.468s] -- Detecting CXX compile features - done
[1.471s] -- Found ament_cmake: 0.7.6 (/opt/ros/dashing/share/ament_cmake/cmake)
[1.517s] -- Found PythonInterp: /usr/bin/python3 (found suitable version "3.6.9", minimum required is "3") 
[1.517s] -- Using PYTHON_EXECUTABLE: /usr/bin/python3
[1.858s] -- Override CMake install command with custom implementation using symlinks instead of copying resources
[1.885s] -- Found example_interfaces: 0.7.1 (/opt/ros/dashing/share/example_interfaces/cmake)
[1.907s] -- Found rosidl_adapter: 0.7.10 (/opt/ros/dashing/share/rosidl_adapter/cmake)
[1.986s] -- Found rclcpp: 0.7.16 (/opt/ros/dashing/share/rclcpp/cmake)
[2.005s] -- Found rmw_implementation_cmake: 0.7.2 (/opt/ros/dashing/share/rmw_implementation_cmake/cmake)
[2.007s] -- Using RMW implementation 'rmw_fastrtps_cpp' as default
[2.008s] -- Looking for pthread.h
[2.129s] -- Looking for pthread.h - found
[2.129s] -- Looking for pthread_create
[2.239s] -- Looking for pthread_create - not found
[2.239s] -- Looking for pthread_create in pthreads
[2.334s] -- Looking for pthread_create in pthreads - not found
[2.334s] -- Looking for pthread_create in pthread
[2.449s] -- Looking for pthread_create in pthread - found
[2.449s] -- Found Threads: TRUE  
[2.514s] -- Found ament_lint_auto: 0.7.12 (/opt/ros/dashing/share/ament_lint_auto/cmake)
[2.693s] -- Added test 'copyright' to check for copyright in CMake / C / C++ / Python code
[2.694s] -- Added test 'cppcheck' to perform static code analysis on C / C++ code
[2.694s] -- Configured cppcheck include dirs: 
[2.694s] -- Added test 'cpplint' to check C / C++ code against the Google style
[2.694s] -- Added test 'lint_cmake' to check CMake code style
[2.694s] -- Added test 'uncrustify' to check C / C++ code style
[2.695s] -- Added test 'xmllint' to check XML markup files
[2.699s] -- Configuring done
[2.720s] -- Generating done
[2.724s] -- Build files have been written to: /home/zeelb/autonomous-exploration/ros2_ws/build/examples_rclcpp_minimal_client
[2.735s] Invoked command in '/home/zeelb/autonomous-exploration/ros2_ws/build/examples_rclcpp_minimal_client' returned '0': CMAKE_PREFIX_PATH=/opt/ros/dashing /usr/bin/cmake /home/zeelb/autonomous-exploration/ros2_ws/src/examples/rclcpp/services/minimal_client -DAMENT_CMAKE_SYMLINK_INSTALL=1 -DCMAKE_INSTALL_PREFIX=/home/zeelb/autonomous-exploration/ros2_ws/install/examples_rclcpp_minimal_client
[2.739s] Invoking command in '/home/zeelb/autonomous-exploration/ros2_ws/build/examples_rclcpp_minimal_client': CMAKE_PREFIX_PATH=/opt/ros/dashing /usr/bin/cmake --build /home/zeelb/autonomous-exploration/ros2_ws/build/examples_rclcpp_minimal_client -- -j12 -l12
[2.814s] [35m[1mScanning dependencies of target client_main[0m
[2.864s] [ 50%] [32mBuilding CXX object CMakeFiles/client_main.dir/main.cpp.o[0m
[4.577s] [01m[K/home/zeelb/autonomous-exploration/ros2_ws/src/examples/rclcpp/services/minimal_client/main.cpp:[m[K In function â€˜[01m[Kint main(int, char**)[m[Kâ€™:
[4.577s] [01m[K/home/zeelb/autonomous-exploration/ros2_ws/src/examples/rclcpp/services/minimal_client/main.cpp:40:13:[m[K [01;31m[Kerror: [m[Kâ€˜[01m[Krclcpp::FutureReturnCode[m[Kâ€™ has not been declared
[4.577s]      rclcpp::[01;31m[KFutureReturnCode[m[K::SUCCESS)
[4.577s]              [01;31m[K^~~~~~~~~~~~~~~~[m[K
[5.089s] make[2]: *** [CMakeFiles/client_main.dir/main.cpp.o] Error 1
[5.089s] CMakeFiles/client_main.dir/build.make:62: recipe for target 'CMakeFiles/client_main.dir/main.cpp.o' failed
[5.090s] CMakeFiles/Makefile2:99: recipe for target 'CMakeFiles/client_main.dir/all' failed
[5.090s] make[1]: *** [CMakeFiles/client_main.dir/all] Error 2
[5.090s] Makefile:140: recipe for target 'all' failed
[5.090s] make: *** [all] Error 2
[5.546s] Invoked command in '/home/zeelb/autonomous-exploration/ros2_ws/build/examples_rclcpp_minimal_client' returned '2': CMAKE_PREFIX_PATH=/opt/ros/dashing /usr/bin/cmake --build /home/zeelb/autonomous-exploration/ros2_ws/build/examples_rclcpp_minimal_client -- -j12 -l12
