[0.064s] Invoking command in '/home/zeelb/autonomous-exploration/ros2_ws/build/examples_rclcpp_multithreaded_executor': CMAKE_PREFIX_PATH=/opt/ros/dashing /usr/bin/cmake /home/zeelb/autonomous-exploration/ros2_ws/src/examples/rclcpp/executors/multithreaded_executor -DAMENT_CMAKE_SYMLINK_INSTALL=1 -DCMAKE_INSTALL_PREFIX=/home/zeelb/autonomous-exploration/ros2_ws/install/examples_rclcpp_multithreaded_executor
[1.373s] -- The C compiler identification is GNU 7.5.0
[1.374s] -- The CXX compiler identification is GNU 7.5.0
[1.374s] -- Check for working C compiler: /usr/bin/cc
[1.374s] -- Check for working C compiler: /usr/bin/cc -- works
[1.374s] -- Detecting C compiler ABI info
[1.374s] -- Detecting C compiler ABI info - done
[1.374s] -- Detecting C compile features
[1.374s] -- Detecting C compile features - done
[1.374s] -- Check for working CXX compiler: /usr/bin/c++
[1.375s] -- Check for working CXX compiler: /usr/bin/c++ -- works
[1.375s] -- Detecting CXX compiler ABI info
[1.376s] -- Detecting CXX compiler ABI info - done
[1.377s] -- Detecting CXX compile features
[1.412s] -- Detecting CXX compile features - done
[1.415s] -- Found ament_cmake: 0.7.6 (/opt/ros/dashing/share/ament_cmake/cmake)
[1.454s] -- Found PythonInterp: /usr/bin/python3 (found suitable version "3.6.9", minimum required is "3") 
[1.454s] -- Using PYTHON_EXECUTABLE: /usr/bin/python3
[1.805s] -- Override CMake install command with custom implementation using symlinks instead of copying resources
[1.833s] -- Found rclcpp: 0.7.16 (/opt/ros/dashing/share/rclcpp/cmake)
[1.863s] -- Found rosidl_adapter: 0.7.10 (/opt/ros/dashing/share/rosidl_adapter/cmake)
[1.926s] -- Found rmw_implementation_cmake: 0.7.2 (/opt/ros/dashing/share/rmw_implementation_cmake/cmake)
[1.928s] -- Using RMW implementation 'rmw_fastrtps_cpp' as default
[1.929s] -- Looking for pthread.h
[2.032s] -- Looking for pthread.h - found
[2.032s] -- Looking for pthread_create
[2.149s] -- Looking for pthread_create - not found
[2.149s] -- Looking for pthread_create in pthreads
[2.237s] -- Looking for pthread_create in pthreads - not found
[2.237s] -- Looking for pthread_create in pthread
[2.351s] -- Looking for pthread_create in pthread - found
[2.352s] -- Found Threads: TRUE  
[2.397s] -- Found std_msgs: 0.7.1 (/opt/ros/dashing/share/std_msgs/cmake)
[2.424s] -- Found ament_lint_auto: 0.7.12 (/opt/ros/dashing/share/ament_lint_auto/cmake)
[2.599s] -- Added test 'copyright' to check for copyright in CMake / C / C++ / Python code
[2.601s] -- Added test 'cppcheck' to perform static code analysis on C / C++ code
[2.601s] -- Configured cppcheck include dirs: 
[2.602s] -- Added test 'cpplint' to check C / C++ code against the Google style
[2.604s] -- Added test 'lint_cmake' to check CMake code style
[2.605s] -- Added test 'uncrustify' to check C / C++ code style
[2.606s] -- Added test 'xmllint' to check XML markup files
[2.611s] -- Configuring done
[2.643s] -- Generating done
[2.647s] -- Build files have been written to: /home/zeelb/autonomous-exploration/ros2_ws/build/examples_rclcpp_multithreaded_executor
[2.658s] Invoked command in '/home/zeelb/autonomous-exploration/ros2_ws/build/examples_rclcpp_multithreaded_executor' returned '0': CMAKE_PREFIX_PATH=/opt/ros/dashing /usr/bin/cmake /home/zeelb/autonomous-exploration/ros2_ws/src/examples/rclcpp/executors/multithreaded_executor -DAMENT_CMAKE_SYMLINK_INSTALL=1 -DCMAKE_INSTALL_PREFIX=/home/zeelb/autonomous-exploration/ros2_ws/install/examples_rclcpp_multithreaded_executor
[2.659s] Invoking command in '/home/zeelb/autonomous-exploration/ros2_ws/build/examples_rclcpp_multithreaded_executor': CMAKE_PREFIX_PATH=/opt/ros/dashing /usr/bin/cmake --build /home/zeelb/autonomous-exploration/ros2_ws/build/examples_rclcpp_multithreaded_executor -- -j12 -l12
[2.748s] [35m[1mScanning dependencies of target multithreaded_executor[0m
[2.835s] [ 50%] [32mBuilding CXX object CMakeFiles/multithreaded_executor.dir/multithreaded_executor.cpp.o[0m
[4.470s] [01m[K/home/zeelb/autonomous-exploration/ros2_ws/src/examples/rclcpp/executors/multithreaded_executor/multithreaded_executor.cpp:157:11:[m[K [01;31m[Kerror: [m[Kâ€˜[01m[KCallbackGroup[m[Kâ€™ in namespace â€˜[01m[Krclcpp[m[Kâ€™ does not name a type
[4.471s]    rclcpp::[01;31m[KCallbackGroup[m[K::SharedPtr callback_group_subscriber1_;
[4.471s]            [01;31m[K^~~~~~~~~~~~~[m[K
[4.471s] [01m[K/home/zeelb/autonomous-exploration/ros2_ws/src/examples/rclcpp/executors/multithreaded_executor/multithreaded_executor.cpp:158:11:[m[K [01;31m[Kerror: [m[Kâ€˜[01m[KCallbackGroup[m[Kâ€™ in namespace â€˜[01m[Krclcpp[m[Kâ€™ does not name a type
[4.471s]    rclcpp::[01;31m[KCallbackGroup[m[K::SharedPtr callback_group_subscriber2_;
[4.471s]            [01;31m[K^~~~~~~~~~~~~[m[K
[4.486s] [01m[K/home/zeelb/autonomous-exploration/ros2_ws/src/examples/rclcpp/executors/multithreaded_executor/multithreaded_executor.cpp:[m[K In constructor â€˜[01m[KDualThreadedNode::DualThreadedNode()[m[Kâ€™:
[4.487s] [01m[K/home/zeelb/autonomous-exploration/ros2_ws/src/examples/rclcpp/executors/multithreaded_executor/multithreaded_executor.cpp:78:5:[m[K [01;31m[Kerror: [m[Kâ€˜[01m[Kcallback_group_subscriber1_[m[Kâ€™ was not declared in this scope
[4.487s]      [01;31m[Kcallback_group_subscriber1_[m[K = this->create_callback_group(
[4.487s]      [01;31m[K^~~~~~~~~~~~~~~~~~~~~~~~~~~[m[K
[4.497s] [01m[K/home/zeelb/autonomous-exploration/ros2_ws/src/examples/rclcpp/executors/multithreaded_executor/multithreaded_executor.cpp:79:15:[m[K [01;31m[Kerror: [m[Kâ€˜[01m[Krclcpp::CallbackGroupType[m[Kâ€™ has not been declared
[4.497s]        rclcpp::[01;31m[KCallbackGroupType[m[K::MutuallyExclusive);
[4.497s]                [01;31m[K^~~~~~~~~~~~~~~~~[m[K
[4.498s] [01m[K/home/zeelb/autonomous-exploration/ros2_ws/src/examples/rclcpp/executors/multithreaded_executor/multithreaded_executor.cpp:80:5:[m[K [01;31m[Kerror: [m[Kâ€˜[01m[Kcallback_group_subscriber2_[m[Kâ€™ was not declared in this scope
[4.498s]      [01;31m[Kcallback_group_subscriber2_[m[K = this->create_callback_group(
[4.498s]      [01;31m[K^~~~~~~~~~~~~~~~~~~~~~~~~~~[m[K
[4.511s] [01m[K/home/zeelb/autonomous-exploration/ros2_ws/src/examples/rclcpp/executors/multithreaded_executor/multithreaded_executor.cpp:81:15:[m[K [01;31m[Kerror: [m[Kâ€˜[01m[Krclcpp::CallbackGroupType[m[Kâ€™ has not been declared
[4.511s]        rclcpp::[01;31m[KCallbackGroupType[m[K::MutuallyExclusive);
[4.511s]                [01;31m[K^~~~~~~~~~~~~~~~~[m[K
[5.858s] CMakeFiles/multithreaded_executor.dir/build.make:62: recipe for target 'CMakeFiles/multithreaded_executor.dir/multithreaded_executor.cpp.o' failed
[5.859s] make[2]: *** [CMakeFiles/multithreaded_executor.dir/multithreaded_executor.cpp.o] Error 1
[5.859s] CMakeFiles/Makefile2:99: recipe for target 'CMakeFiles/multithreaded_executor.dir/all' failed
[5.859s] make[1]: *** [CMakeFiles/multithreaded_executor.dir/all] Error 2
[5.859s] Makefile:140: recipe for target 'all' failed
[5.860s] make: *** [all] Error 2
[5.867s] Invoked command in '/home/zeelb/autonomous-exploration/ros2_ws/build/examples_rclcpp_multithreaded_executor' returned '2': CMAKE_PREFIX_PATH=/opt/ros/dashing /usr/bin/cmake --build /home/zeelb/autonomous-exploration/ros2_ws/build/examples_rclcpp_multithreaded_executor -- -j12 -l12
