[0.072s] Invoking command in '/home/zeelb/autonomous-exploration/ros2_ws/build/examples_rclcpp_multithreaded_executor': CMAKE_PREFIX_PATH=/opt/ros/dashing /usr/bin/cmake --build /home/zeelb/autonomous-exploration/ros2_ws/build/examples_rclcpp_multithreaded_executor -- -j12 -l12
[1.025s] [ 50%] [32mBuilding CXX object CMakeFiles/multithreaded_executor.dir/multithreaded_executor.cpp.o[0m
[1.025s] [01m[K/home/zeelb/autonomous-exploration/ros2_ws/src/examples/rclcpp/executors/multithreaded_executor/multithreaded_executor.cpp:157:11:[m[K [01;31m[Kerror: [m[Kâ€˜[01m[KCallbackGroup[m[Kâ€™ in namespace â€˜[01m[Krclcpp[m[Kâ€™ does not name a type
[1.025s]    rclcpp::[01;31m[KCallbackGroup[m[K::SharedPtr callback_group_subscriber1_;
[1.025s]            [01;31m[K^~~~~~~~~~~~~[m[K
[1.025s] [01m[K/home/zeelb/autonomous-exploration/ros2_ws/src/examples/rclcpp/executors/multithreaded_executor/multithreaded_executor.cpp:158:11:[m[K [01;31m[Kerror: [m[Kâ€˜[01m[KCallbackGroup[m[Kâ€™ in namespace â€˜[01m[Krclcpp[m[Kâ€™ does not name a type
[1.026s]    rclcpp::[01;31m[KCallbackGroup[m[K::SharedPtr callback_group_subscriber2_;
[1.026s]            [01;31m[K^~~~~~~~~~~~~[m[K
[1.026s] [01m[K/home/zeelb/autonomous-exploration/ros2_ws/src/examples/rclcpp/executors/multithreaded_executor/multithreaded_executor.cpp:[m[K In constructor â€˜[01m[KDualThreadedNode::DualThreadedNode()[m[Kâ€™:
[1.026s] [01m[K/home/zeelb/autonomous-exploration/ros2_ws/src/examples/rclcpp/executors/multithreaded_executor/multithreaded_executor.cpp:78:5:[m[K [01;31m[Kerror: [m[Kâ€˜[01m[Kcallback_group_subscriber1_[m[Kâ€™ was not declared in this scope
[1.026s]      [01;31m[Kcallback_group_subscriber1_[m[K = this->create_callback_group(
[1.026s]      [01;31m[K^~~~~~~~~~~~~~~~~~~~~~~~~~~[m[K
[1.026s] [01m[K/home/zeelb/autonomous-exploration/ros2_ws/src/examples/rclcpp/executors/multithreaded_executor/multithreaded_executor.cpp:79:15:[m[K [01;31m[Kerror: [m[Kâ€˜[01m[Krclcpp::CallbackGroupType[m[Kâ€™ has not been declared
[1.026s]        rclcpp::[01;31m[KCallbackGroupType[m[K::MutuallyExclusive);
[1.027s]                [01;31m[K^~~~~~~~~~~~~~~~~[m[K
[1.027s] [01m[K/home/zeelb/autonomous-exploration/ros2_ws/src/examples/rclcpp/executors/multithreaded_executor/multithreaded_executor.cpp:80:5:[m[K [01;31m[Kerror: [m[Kâ€˜[01m[Kcallback_group_subscriber2_[m[Kâ€™ was not declared in this scope
[1.027s]      [01;31m[Kcallback_group_subscriber2_[m[K = this->create_callback_group(
[1.027s]      [01;31m[K^~~~~~~~~~~~~~~~~~~~~~~~~~~[m[K
[1.029s] [01m[K/home/zeelb/autonomous-exploration/ros2_ws/src/examples/rclcpp/executors/multithreaded_executor/multithreaded_executor.cpp:81:15:[m[K [01;31m[Kerror: [m[Kâ€˜[01m[Krclcpp::CallbackGroupType[m[Kâ€™ has not been declared
[1.030s]        rclcpp::[01;31m[KCallbackGroupType[m[K::MutuallyExclusive);
[1.031s]                [01;31m[K^~~~~~~~~~~~~~~~~[m[K
[1.951s] CMakeFiles/multithreaded_executor.dir/build.make:62: recipe for target 'CMakeFiles/multithreaded_executor.dir/multithreaded_executor.cpp.o' failed
[1.952s] make[2]: *** [CMakeFiles/multithreaded_executor.dir/multithreaded_executor.cpp.o] Error 1
[1.952s] make[1]: *** [CMakeFiles/multithreaded_executor.dir/all] Error 2
[1.952s] CMakeFiles/Makefile2:99: recipe for target 'CMakeFiles/multithreaded_executor.dir/all' failed
[1.952s] Makefile:140: recipe for target 'all' failed
[1.952s] make: *** [all] Error 2
